# JRE version: OpenJDK Runtime Environment (17.0.6) (build 17.0.6+0-b2043.56-9586694)
# Java VM: OpenJDK 64-Bit Server VM (17.0.6+0-b2043.56-9586694, mixed mode, tiered, compressed oops, compressed class ptrs, g1 gc, windows-amd64)
GC Precious Log:
 CPUs: 8 total, 8 available
 Memory: 7914M
 Large Page Support: Disabled
 NUMA Support: Disabled
 Compressed Oops: Enabled (32-bit)
 Heap Region Size: 1M
 Heap Min Capacity: 8M
 Heap Initial Capacity: 124M
 Heap Max Capacity: 1980M
 Pre-touch: Disabled
 Parallel Workers: 8
 Concurrent Workers: 2
 Concurrent Refinement Workers: 8
 Periodic GC: Disabled
Heap:
 garbage-first heap   total 77824K, used 40299K [0x0000000084400000, 0x0000000100000000)
  region size 1024K, 3 young (3072K), 3 survivors (3072K)
 Metaspace       used 50835K, committed 51136K, reserved 1097728K
  class space    used 6112K, committed 6272K, reserved 1048576K
GC Heap History (20 events):
Event: 0.414 GC heap after
{Heap after GC invocations=1 (full 0):
 garbage-first heap   total 126976K, used 6944K [0x0000000084400000, 0x0000000100000000)
  region size 1024K, 3 young (3072K), 3 survivors (3072K)
 Metaspace       used 13321K, committed 13440K, reserved 1064960K
  class space    used 1281K, committed 1344K, reserved 1048576K
}
Event: 0.790 GC heap before
{Heap before GC invocations=1 (full 0):
 garbage-first heap   total 126976K, used 38688K [0x0000000084400000, 0x0000000100000000)
  region size 1024K, 35 young (35840K), 3 survivors (3072K)
 Metaspace       used 21325K, committed 21504K, reserved 1073152K
  class space    used 2327K, committed 2432K, reserved 1048576K
}
Event: 0.798 GC heap after
{Heap after GC invocations=2 (full 0):
 garbage-first heap   total 126976K, used 10526K [0x0000000084400000, 0x0000000100000000)
  region size 1024K, 4 young (4096K), 4 survivors (4096K)
 Metaspace       used 21325K, committed 21504K, reserved 1073152K
  class space    used 2327K, committed 2432K, reserved 1048576K
}
Event: 1.082 GC heap before
{Heap before GC invocations=3 (full 0):
 garbage-first heap   total 40960K, used 33054K [0x0000000084400000, 0x0000000100000000)
  region size 1024K, 23 young (23552K), 4 survivors (4096K)
 Metaspace       used 27007K, committed 27264K, reserved 1073152K
  class space    used 2972K, committed 3072K, reserved 1048576K
}
Event: 1.089 GC heap after
{Heap after GC invocations=4 (full 0):
 garbage-first heap   total 40960K, used 16685K [0x0000000084400000, 0x0000000100000000)
  region size 1024K, 6 young (6144K), 6 survivors (6144K)
 Metaspace       used 27007K, committed 27264K, reserved 1073152K
  class space    used 2972K, committed 3072K, reserved 1048576K
}
Event: 1.104 GC heap before
{Heap before GC invocations=4 (full 0):
 garbage-first heap   total 40960K, used 16685K [0x0000000084400000, 0x0000000100000000)
  region size 1024K, 7 young (7168K), 6 survivors (6144K)
 Metaspace       used 27397K, committed 27648K, reserved 1081344K
  class space    used 3013K, committed 3136K, reserved 1048576K
}
Event: 1.108 GC heap after
{Heap after GC invocations=5 (full 0):
 garbage-first heap   total 40960K, used 17048K [0x0000000084400000, 0x0000000100000000)
  region size 1024K, 1 young (1024K), 1 survivors (1024K)
 Metaspace       used 27397K, committed 27648K, reserved 1081344K
  class space    used 3013K, committed 3136K, reserved 1048576K
}
Event: 1.283 GC heap before
{Heap before GC invocations=5 (full 0):
 garbage-first heap   total 40960K, used 31384K [0x0000000084400000, 0x0000000100000000)
  region size 1024K, 15 young (15360K), 1 survivors (1024K)
 Metaspace       used 31092K, committed 31360K, reserved 1081344K
  class space    used 3780K, committed 3904K, reserved 1048576K
}
Event: 1.286 GC heap after
{Heap after GC invocations=6 (full 0):
 garbage-first heap   total 40960K, used 17993K [0x0000000084400000, 0x0000000100000000)
  region size 1024K, 2 young (2048K), 2 survivors (2048K)
 Metaspace       used 31092K, committed 31360K, reserved 1081344K
  class space    used 3780K, committed 3904K, reserved 1048576K
}
Event: 1.409 GC heap before
{Heap before GC invocations=6 (full 0):
 garbage-first heap   total 40960K, used 32329K [0x0000000084400000, 0x0000000100000000)
  region size 1024K, 15 young (15360K), 2 survivors (2048K)
 Metaspace       used 31267K, committed 31552K, reserved 1081344K
  class space    used 3780K, committed 3904K, reserved 1048576K
}
Event: 1.416 GC heap after
{Heap after GC invocations=7 (full 0):
 garbage-first heap   total 77824K, used 23657K [0x0000000084400000, 0x0000000100000000)
  region size 1024K, 2 young (2048K), 2 survivors (2048K)
 Metaspace       used 31267K, committed 31552K, reserved 1081344K
  class space    used 3780K, committed 3904K, reserved 1048576K
}
Event: 1.608 GC heap before
{Heap before GC invocations=7 (full 0):
 garbage-first heap   total 77824K, used 41065K [0x0000000084400000, 0x0000000100000000)
  region size 1024K, 20 young (20480K), 2 survivors (2048K)
 Metaspace       used 35882K, committed 36096K, reserved 1081344K
  class space    used 4516K, committed 4608K, reserved 1048576K
}
Event: 1.615 GC heap after
{Heap after GC invocations=8 (full 0):
 garbage-first heap   total 77824K, used 25705K [0x0000000084400000, 0x0000000100000000)
  region size 1024K, 4 young (4096K), 4 survivors (4096K)
 Metaspace       used 35882K, committed 36096K, reserved 1081344K
  class space    used 4516K, committed 4608K, reserved 1048576K
}
Event: 1.880 GC heap before
{Heap before GC invocations=9 (full 0):
 garbage-first heap   total 77824K, used 53353K [0x0000000084400000, 0x0000000100000000)
  region size 1024K, 31 young (31744K), 4 survivors (4096K)
 Metaspace       used 40712K, committed 40896K, reserved 1089536K
  class space    used 4993K, committed 5056K, reserved 1048576K
}
Event: 1.888 GC heap after
{Heap after GC invocations=10 (full 0):
 garbage-first heap   total 77824K, used 26898K [0x0000000084400000, 0x0000000100000000)
  region size 1024K, 4 young (4096K), 4 survivors (4096K)
 Metaspace       used 40712K, committed 40896K, reserved 1089536K
  class space    used 4993K, committed 5056K, reserved 1048576K
}
Event: 2.222 GC heap before
{Heap before GC invocations=10 (full 0):
 garbage-first heap   total 77824K, used 54546K [0x0000000084400000, 0x0000000100000000)
  region size 1024K, 31 young (31744K), 4 survivors (4096K)
 Metaspace       used 47744K, committed 48000K, reserved 1097728K
  class space    used 5778K, committed 5888K, reserved 1048576K
}
Event: 2.230 GC heap after
{Heap after GC invocations=11 (full 0):
 garbage-first heap   total 77824K, used 29301K [0x0000000084400000, 0x0000000100000000)
  region size 1024K, 3 young (3072K), 3 survivors (3072K)
 Metaspace       used 47744K, committed 48000K, reserved 1097728K
  class space    used 5778K, committed 5888K, reserved 1048576K
}
Event: 2.409 GC heap before
{Heap before GC invocations=11 (full 0):
 garbage-first heap   total 77824K, used 58997K [0x0000000084400000, 0x0000000100000000)
  region size 1024K, 29 young (29696K), 3 survivors (3072K)
 Metaspace       used 49345K, committed 49600K, reserved 1097728K
  class space    used 5937K, committed 6016K, reserved 1048576K
}
Event: 2.422 GC heap after
{Heap after GC invocations=12 (full 0):
 garbage-first heap   total 77824K, used 37581K [0x0000000084400000, 0x0000000100000000)
  region size 1024K, 4 young (4096K), 4 survivors (4096K)
 Metaspace       used 49345K, committed 49600K, reserved 1097728K
  class space    used 5937K, committed 6016K, reserved 1048576K
}
Event: 2.578 GC heap before
{Heap before GC invocations=12 (full 0):
 garbage-first heap   total 77824K, used 57037K [0x0000000084400000, 0x0000000100000000)
  region size 1024K, 24 young (24576K), 4 survivors (4096K)
 Metaspace       used 50835K, committed 51136K, reserved 1097728K
  class space    used 6112K, committed 6272K, reserved 1048576K
}

