# JRE version: OpenJDK Runtime Environment (17.0.6) (build 17.0.6+0-b2043.56-9586694)
# Java VM: OpenJDK 64-Bit Server VM (17.0.6+0-b2043.56-9586694, mixed mode, tiered, compressed oops, compressed class ptrs, g1 gc, windows-amd64)
GC Precious Log:
 CPUs: 8 total, 8 available
 Memory: 7914M
 Large Page Support: Disabled
 NUMA Support: Disabled
 Compressed Oops: Enabled (32-bit)
 Heap Region Size: 1M
 Heap Min Capacity: 8M
 Heap Initial Capacity: 124M
 Heap Max Capacity: 1980M
 Pre-touch: Disabled
 Parallel Workers: 8
 Concurrent Workers: 2
 Concurrent Refinement Workers: 8
 Periodic GC: Disabled
Heap:
 garbage-first heap   total 217088K, used 62107K [0x0000000084400000, 0x0000000100000000)
  region size 1024K, 16 young (16384K), 4 survivors (4096K)
 Metaspace       used 65678K, committed 65984K, reserved 1114112K
  class space    used 7842K, committed 8000K, reserved 1048576K
GC Heap History (20 events):
Event: 2.621 GC heap before
{Heap before GC invocations=9 (full 0):
 garbage-first heap   total 61440K, used 42672K [0x0000000084400000, 0x0000000100000000)
  region size 1024K, 19 young (19456K), 2 survivors (2048K)
 Metaspace       used 36439K, committed 36672K, reserved 1081344K
  class space    used 4582K, committed 4672K, reserved 1048576K
}
Event: 2.625 GC heap after
{Heap after GC invocations=10 (full 0):
 garbage-first heap   total 61440K, used 25527K [0x0000000084400000, 0x0000000100000000)
  region size 1024K, 3 young (3072K), 3 survivors (3072K)
 Metaspace       used 36439K, committed 36672K, reserved 1081344K
  class space    used 4582K, committed 4672K, reserved 1048576K
}
Event: 2.639 GC heap before
{Heap before GC invocations=10 (full 0):
 garbage-first heap   total 61440K, used 26551K [0x0000000084400000, 0x0000000100000000)
  region size 1024K, 4 young (4096K), 3 survivors (3072K)
 Metaspace       used 36721K, committed 36992K, reserved 1081344K
  class space    used 4610K, committed 4736K, reserved 1048576K
}
Event: 2.643 GC heap after
{Heap after GC invocations=11 (full 0):
 garbage-first heap   total 61440K, used 25820K [0x0000000084400000, 0x0000000100000000)
  region size 1024K, 1 young (1024K), 1 survivors (1024K)
 Metaspace       used 36721K, committed 36992K, reserved 1081344K
  class space    used 4610K, committed 4736K, reserved 1048576K
}
Event: 2.891 GC heap before
{Heap before GC invocations=11 (full 0):
 garbage-first heap   total 61440K, used 43228K [0x0000000084400000, 0x0000000100000000)
  region size 1024K, 19 young (19456K), 1 survivors (1024K)
 Metaspace       used 40429K, committed 40640K, reserved 1089536K
  class space    used 4975K, committed 5056K, reserved 1048576K
}
Event: 2.896 GC heap after
{Heap after GC invocations=12 (full 0):
 garbage-first heap   total 61440K, used 27447K [0x0000000084400000, 0x0000000100000000)
  region size 1024K, 3 young (3072K), 3 survivors (3072K)
 Metaspace       used 40429K, committed 40640K, reserved 1089536K
  class space    used 4975K, committed 5056K, reserved 1048576K
}
Event: 3.134 GC heap before
{Heap before GC invocations=12 (full 0):
 garbage-first heap   total 61440K, used 43831K [0x0000000084400000, 0x0000000100000000)
  region size 1024K, 20 young (20480K), 3 survivors (3072K)
 Metaspace       used 44355K, committed 44544K, reserved 1089536K
  class space    used 5367K, committed 5440K, reserved 1048576K
}
Event: 3.138 GC heap after
{Heap after GC invocations=13 (full 0):
 garbage-first heap   total 61440K, used 28773K [0x0000000084400000, 0x0000000100000000)
  region size 1024K, 2 young (2048K), 2 survivors (2048K)
 Metaspace       used 44355K, committed 44544K, reserved 1089536K
  class space    used 5367K, committed 5440K, reserved 1048576K
}
Event: 3.427 GC heap before
{Heap before GC invocations=13 (full 0):
 garbage-first heap   total 61440K, used 44133K [0x0000000084400000, 0x0000000100000000)
  region size 1024K, 18 young (18432K), 2 survivors (2048K)
 Metaspace       used 48634K, committed 48896K, reserved 1097728K
  class space    used 5873K, committed 5952K, reserved 1048576K
}
Event: 3.431 GC heap after
{Heap after GC invocations=14 (full 0):
 garbage-first heap   total 108544K, used 30288K [0x0000000084400000, 0x0000000100000000)
  region size 1024K, 3 young (3072K), 3 survivors (3072K)
 Metaspace       used 48634K, committed 48896K, reserved 1097728K
  class space    used 5873K, committed 5952K, reserved 1048576K
}
Event: 3.766 GC heap before
{Heap before GC invocations=14 (full 0):
 garbage-first heap   total 108544K, used 79440K [0x0000000084400000, 0x0000000100000000)
  region size 1024K, 48 young (49152K), 3 survivors (3072K)
 Metaspace       used 51070K, committed 51392K, reserved 1097728K
  class space    used 6122K, committed 6272K, reserved 1048576K
}
Event: 3.775 GC heap after
{Heap after GC invocations=15 (full 0):
 garbage-first heap   total 108544K, used 37774K [0x0000000084400000, 0x0000000100000000)
  region size 1024K, 6 young (6144K), 6 survivors (6144K)
 Metaspace       used 51070K, committed 51392K, reserved 1097728K
  class space    used 6122K, committed 6272K, reserved 1048576K
}
Event: 4.450 GC heap before
{Heap before GC invocations=15 (full 0):
 garbage-first heap   total 108544K, used 71566K [0x0000000084400000, 0x0000000100000000)
  region size 1024K, 40 young (40960K), 6 survivors (6144K)
 Metaspace       used 55667K, committed 55936K, reserved 1105920K
  class space    used 6577K, committed 6720K, reserved 1048576K
}
Event: 4.465 GC heap after
{Heap after GC invocations=16 (full 0):
 garbage-first heap   total 108544K, used 41872K [0x0000000084400000, 0x0000000100000000)
  region size 1024K, 4 young (4096K), 4 survivors (4096K)
 Metaspace       used 55667K, committed 55936K, reserved 1105920K
  class space    used 6577K, committed 6720K, reserved 1048576K
}
Event: 5.955 GC heap before
{Heap before GC invocations=17 (full 0):
 garbage-first heap   total 108544K, used 79760K [0x0000000084400000, 0x0000000100000000)
  region size 1024K, 41 young (41984K), 4 survivors (4096K)
 Metaspace       used 56235K, committed 56512K, reserved 1105920K
  class space    used 6623K, committed 6784K, reserved 1048576K
}
Event: 5.975 GC heap after
{Heap after GC invocations=18 (full 0):
 garbage-first heap   total 108544K, used 48016K [0x0000000084400000, 0x0000000100000000)
  region size 1024K, 6 young (6144K), 6 survivors (6144K)
 Metaspace       used 56235K, committed 56512K, reserved 1105920K
  class space    used 6623K, committed 6784K, reserved 1048576K
}
Event: 5.998 GC heap before
{Heap before GC invocations=18 (full 0):
 garbage-first heap   total 108544K, used 49040K [0x0000000084400000, 0x0000000100000000)
  region size 1024K, 7 young (7168K), 6 survivors (6144K)
 Metaspace       used 56389K, committed 56640K, reserved 1105920K
  class space    used 6638K, committed 6784K, reserved 1048576K
}
Event: 6.009 GC heap after
{Heap after GC invocations=19 (full 0):
 garbage-first heap   total 108544K, used 48516K [0x0000000084400000, 0x0000000100000000)
  region size 1024K, 1 young (1024K), 1 survivors (1024K)
 Metaspace       used 56389K, committed 56640K, reserved 1105920K
  class space    used 6638K, committed 6784K, reserved 1048576K
}
Event: 6.739 GC heap before
{Heap before GC invocations=19 (full 0):
 garbage-first heap   total 108544K, used 82308K [0x0000000084400000, 0x0000000100000000)
  region size 1024K, 34 young (34816K), 1 survivors (1024K)
 Metaspace       used 63719K, committed 64000K, reserved 1105920K
  class space    used 7647K, committed 7744K, reserved 1048576K
}
Event: 6.746 GC heap after
{Heap after GC invocations=20 (full 0):
 garbage-first heap   total 217088K, used 50843K [0x0000000084400000, 0x0000000100000000)
  region size 1024K, 4 young (4096K), 4 survivors (4096K)
 Metaspace       used 63719K, committed 64000K, reserved 1105920K
  class space    used 7647K, committed 7744K, reserved 1048576K
}

