# JRE version: OpenJDK Runtime Environment (17.0.6) (build 17.0.6+0-b2043.56-9586694)
# Java VM: OpenJDK 64-Bit Server VM (17.0.6+0-b2043.56-9586694, mixed mode, tiered, compressed oops, compressed class ptrs, g1 gc, windows-amd64)
GC Precious Log:
 CPUs: 8 total, 8 available
 Memory: 7914M
 Large Page Support: Disabled
 NUMA Support: Disabled
 Compressed Oops: Enabled (32-bit)
 Heap Region Size: 1M
 Heap Min Capacity: 8M
 Heap Initial Capacity: 124M
 Heap Max Capacity: 1980M
 Pre-touch: Disabled
 Parallel Workers: 8
 Concurrent Workers: 2
 Concurrent Refinement Workers: 8
 Periodic GC: Disabled
Heap:
 garbage-first heap   total 136192K, used 74752K [0x0000000084400000, 0x0000000100000000)
  region size 1024K, 6 young (6144K), 6 survivors (6144K)
 Metaspace       used 66758K, committed 67008K, reserved 1114112K
  class space    used 7739K, committed 7872K, reserved 1048576K
GC Heap History (20 events):
Event: 1.932 GC heap after
{Heap after GC invocations=7 (full 0):
 garbage-first heap   total 110592K, used 18799K [0x0000000084400000, 0x0000000100000000)
  region size 1024K, 2 young (2048K), 2 survivors (2048K)
 Metaspace       used 33228K, committed 33472K, reserved 1081344K
  class space    used 4141K, committed 4288K, reserved 1048576K
}
Event: 2.041 GC heap before
{Heap before GC invocations=7 (full 0):
 garbage-first heap   total 110592K, used 25967K [0x0000000084400000, 0x0000000100000000)
  region size 1024K, 11 young (11264K), 2 survivors (2048K)
 Metaspace       used 35898K, committed 36096K, reserved 1081344K
  class space    used 4402K, committed 4544K, reserved 1048576K
}
Event: 2.043 GC heap after
{Heap after GC invocations=8 (full 0):
 garbage-first heap   total 110592K, used 19132K [0x0000000084400000, 0x0000000100000000)
  region size 1024K, 2 young (2048K), 2 survivors (2048K)
 Metaspace       used 35898K, committed 36096K, reserved 1081344K
  class space    used 4402K, committed 4544K, reserved 1048576K
}
Event: 2.568 GC heap before
{Heap before GC invocations=9 (full 0):
 garbage-first heap   total 68608K, used 58044K [0x0000000084400000, 0x0000000100000000)
  region size 1024K, 41 young (41984K), 2 survivors (2048K)
 Metaspace       used 44940K, committed 45120K, reserved 1089536K
  class space    used 5433K, committed 5504K, reserved 1048576K
}
Event: 2.573 GC heap after
{Heap after GC invocations=10 (full 0):
 garbage-first heap   total 68608K, used 21807K [0x0000000084400000, 0x0000000100000000)
  region size 1024K, 5 young (5120K), 5 survivors (5120K)
 Metaspace       used 44940K, committed 45120K, reserved 1089536K
  class space    used 5433K, committed 5504K, reserved 1048576K
}
Event: 2.587 GC heap before
{Heap before GC invocations=10 (full 0):
 garbage-first heap   total 68608K, used 22831K [0x0000000084400000, 0x0000000100000000)
  region size 1024K, 6 young (6144K), 5 survivors (5120K)
 Metaspace       used 45000K, committed 45184K, reserved 1089536K
  class space    used 5438K, committed 5568K, reserved 1048576K
}
Event: 2.592 GC heap after
{Heap after GC invocations=11 (full 0):
 garbage-first heap   total 68608K, used 22102K [0x0000000084400000, 0x0000000100000000)
  region size 1024K, 1 young (1024K), 1 survivors (1024K)
 Metaspace       used 45000K, committed 45184K, reserved 1089536K
  class space    used 5438K, committed 5568K, reserved 1048576K
}
Event: 2.928 GC heap before
{Heap before GC invocations=11 (full 0):
 garbage-first heap   total 68608K, used 49750K [0x0000000084400000, 0x0000000100000000)
  region size 1024K, 28 young (28672K), 1 survivors (1024K)
 Metaspace       used 50137K, committed 50368K, reserved 1097728K
  class space    used 6085K, committed 6208K, reserved 1048576K
}
Event: 2.937 GC heap after
{Heap after GC invocations=12 (full 0):
 garbage-first heap   total 68608K, used 27323K [0x0000000084400000, 0x0000000100000000)
  region size 1024K, 4 young (4096K), 4 survivors (4096K)
 Metaspace       used 50137K, committed 50368K, reserved 1097728K
  class space    used 6085K, committed 6208K, reserved 1048576K
}
Event: 3.245 GC heap before
{Heap before GC invocations=12 (full 0):
 garbage-first heap   total 68608K, used 50875K [0x0000000084400000, 0x0000000100000000)
  region size 1024K, 26 young (26624K), 4 survivors (4096K)
 Metaspace       used 54108K, committed 54336K, reserved 1097728K
  class space    used 6575K, committed 6656K, reserved 1048576K
}
Event: 3.255 GC heap after
{Heap after GC invocations=13 (full 0):
 garbage-first heap   total 136192K, used 32339K [0x0000000084400000, 0x0000000100000000)
  region size 1024K, 4 young (4096K), 4 survivors (4096K)
 Metaspace       used 54108K, committed 54336K, reserved 1097728K
  class space    used 6575K, committed 6656K, reserved 1048576K
}
Event: 3.864 GC heap before
{Heap before GC invocations=13 (full 0):
 garbage-first heap   total 136192K, used 98899K [0x0000000084400000, 0x0000000100000000)
  region size 1024K, 69 young (70656K), 4 survivors (4096K)
 Metaspace       used 58817K, committed 59008K, reserved 1105920K
  class space    used 7076K, committed 7168K, reserved 1048576K
}
Event: 3.879 GC heap after
{Heap after GC invocations=14 (full 0):
 garbage-first heap   total 136192K, used 47575K [0x0000000084400000, 0x0000000100000000)
  region size 1024K, 9 young (9216K), 9 survivors (9216K)
 Metaspace       used 58817K, committed 59008K, reserved 1105920K
  class space    used 7076K, committed 7168K, reserved 1048576K
}
Event: 3.943 GC heap before
{Heap before GC invocations=14 (full 0):
 garbage-first heap   total 136192K, used 52695K [0x0000000084400000, 0x0000000100000000)
  region size 1024K, 15 young (15360K), 9 survivors (9216K)
 Metaspace       used 60248K, committed 60480K, reserved 1105920K
  class space    used 7202K, committed 7360K, reserved 1048576K
}
Event: 3.952 GC heap after
{Heap after GC invocations=15 (full 0):
 garbage-first heap   total 136192K, used 50176K [0x0000000084400000, 0x0000000100000000)
  region size 1024K, 2 young (2048K), 2 survivors (2048K)
 Metaspace       used 60248K, committed 60480K, reserved 1105920K
  class space    used 7202K, committed 7360K, reserved 1048576K
}
Event: 4.256 GC heap before
{Heap before GC invocations=16 (full 0):
 garbage-first heap   total 136192K, used 94208K [0x0000000084400000, 0x0000000100000000)
  region size 1024K, 45 young (46080K), 2 survivors (2048K)
 Metaspace       used 60893K, committed 61120K, reserved 1105920K
  class space    used 7249K, committed 7360K, reserved 1048576K
}
Event: 4.270 GC heap after
{Heap after GC invocations=17 (full 0):
 garbage-first heap   total 136192K, used 59904K [0x0000000084400000, 0x0000000100000000)
  region size 1024K, 6 young (6144K), 6 survivors (6144K)
 Metaspace       used 60893K, committed 61120K, reserved 1105920K
  class space    used 7249K, committed 7360K, reserved 1048576K
}
Event: 4.670 GC heap before
{Heap before GC invocations=17 (full 0):
 garbage-first heap   total 136192K, used 97792K [0x0000000084400000, 0x0000000100000000)
  region size 1024K, 43 young (44032K), 6 survivors (6144K)
 Metaspace       used 65837K, committed 66048K, reserved 1114112K
  class space    used 7661K, committed 7808K, reserved 1048576K
}
Event: 4.682 GC heap after
{Heap after GC invocations=18 (full 0):
 garbage-first heap   total 136192K, used 65887K [0x0000000084400000, 0x0000000100000000)
  region size 1024K, 6 young (6144K), 6 survivors (6144K)
 Metaspace       used 65837K, committed 66048K, reserved 1114112K
  class space    used 7661K, committed 7808K, reserved 1048576K
}
Event: 5.001 GC heap before
{Heap before GC invocations=18 (full 0):
 garbage-first heap   total 136192K, used 101727K [0x0000000084400000, 0x0000000100000000)
  region size 1024K, 41 young (41984K), 6 survivors (6144K)
 Metaspace       used 66758K, committed 67008K, reserved 1114112K
  class space    used 7739K, committed 7872K, reserved 1048576K
}

